<?xml version="1.0" encoding="UTF-8"?>
<!-- Generated by org.testng.reporters.JUnitReportReporter -->
<testsuite hostname="IBM-PF367LWG" failures="0" tests="1" name="first_Selenium_Program.TestNG_Methods" time="0.012" errors="0" timestamp="2022-11-04T12:46:32 IST" skipped="0">
  <testcase classname="first_Selenium_Program.TestNG_Methods" name="printName" time="0.012"/>
  <system-out/>
</testsuite> <!-- first_Selenium_Program.TestNG_Methods -->
