<?xml version="1.0" encoding="UTF-8"?>
<!-- Generated by org.testng.reporters.JUnitReportReporter -->
<testsuite hostname="IBM-PF367LWG" failures="0" tests="2" name="first_Selenium_Program.First_NG_Program" time="0.007" errors="0" timestamp="2022-11-04T12:46:32 IST" skipped="0">
  <testcase classname="first_Selenium_Program.First_NG_Program" name="printName" time="0.003"/>
  <system-out/>
  <testcase classname="first_Selenium_Program.First_NG_Program" name="printName2" time="0.004"/>
  <system-out/>
</testsuite> <!-- first_Selenium_Program.First_NG_Program -->
