<?xml version="1.0" encoding="UTF-8"?>
<!-- Generated by org.testng.reporters.JUnitReportReporter -->
<testsuite hostname="IBM-PF367LWG" failures="0" tests="1" name="first_Selenium_Program.TestNG_Assignment" time="6.052" errors="0" timestamp="2022-11-04T13:28:28 IST" skipped="0">
  <testcase classname="first_Selenium_Program.TestNG_Assignment" name="LaunchFB" time="6.052"/>
  <system-out/>
</testsuite> <!-- first_Selenium_Program.TestNG_Assignment -->
